Loading HumanEvalPack rust dataset
Loaded 164 samples
Using 1 workers to process 164 samples
Processing samples:   0%|          | 0/164 [00:00<?, ?it/s]Processing: ✗ Rust/0 (max_iterations_reached):   0%|          | 0/164 [04:51<?, ?it/s]Processing: ✗ Rust/0 (max_iterations_reached):   1%|          | 1/164 [04:51<13:13:11, 291.97s/it]Processing: ✗ Rust/1 (max_iterations_reached):   1%|          | 1/164 [09:28<13:13:11, 291.97s/it]Processing: ✗ Rust/1 (max_iterations_reached):   1%|          | 2/164 [09:28<12:43:58, 282.95s/it]Processing: ✗ Rust/2 (max_iterations_reached):   1%|          | 2/164 [13:01<12:43:58, 282.95s/it]Processing: ✗ Rust/2 (max_iterations_reached):   2%|▏         | 3/164 [13:01<11:13:20, 250.93s/it]Processing: ✗ Rust/3 (max_iterations_reached):   2%|▏         | 3/164 [14:15<11:13:20, 250.93s/it]Processing: ✗ Rust/3 (max_iterations_reached):   2%|▏         | 4/164 [14:15<8:02:52, 181.08s/it] Processing: ✗ Rust/4 (max_iterations_reached):   2%|▏         | 4/164 [18:51<8:02:52, 181.08s/it]Processing: ✗ Rust/4 (max_iterations_reached):   3%|▎         | 5/164 [18:51<9:30:21, 215.23s/it]Processing: ✓ Rust/5 (tests_passed):   3%|▎         | 5/164 [20:10<9:30:21, 215.23s/it]          Processing: ✓ Rust/5 (tests_passed):   4%|▎         | 6/164 [20:10<7:24:47, 168.91s/it]Processing: ✓ Rust/6 (tests_passed):   4%|▎         | 6/164 [21:45<7:24:47, 168.91s/it]Processing: ✓ Rust/6 (tests_passed):   4%|▍         | 7/164 [21:45<6:19:19, 144.97s/it]Processing: ✓ Rust/7 (tests_passed):   4%|▍         | 7/164 [23:05<6:19:19, 144.97s/it]Processing: ✓ Rust/7 (tests_passed):   5%|▍         | 8/164 [23:05<5:22:25, 124.01s/it]Traceback (most recent call last):
  File "/home/john/Thesis/Rust_CoT_Eval/run_confidence_multi_agent.py", line 159, in run_parallel
    for future in as_completed(futures):
  File "/home/john/mambaforge/envs/code_generation/lib/python3.9/concurrent/futures/_base.py", line 245, in as_completed
    waiter.event.wait(wait_timeout)
  File "/home/john/mambaforge/envs/code_generation/lib/python3.9/threading.py", line 581, in wait
    signaled = self._cond.wait(timeout)
  File "/home/john/mambaforge/envs/code_generation/lib/python3.9/threading.py", line 312, in wait
    waiter.acquire()
KeyboardInterrupt

During handling of the above exception, another exception occurred:

Traceback (most recent call last):
  File "/home/john/Thesis/Rust_CoT_Eval/run_confidence_multi_agent.py", line 244, in <module>
    results = run_parallel(args)
  File "/home/john/Thesis/Rust_CoT_Eval/run_confidence_multi_agent.py", line 184, in run_parallel
    progress_bar.update(1)
  File "/home/john/mambaforge/envs/code_generation/lib/python3.9/concurrent/futures/_base.py", line 637, in __exit__
    self.shutdown(wait=True)
  File "/home/john/mambaforge/envs/code_generation/lib/python3.9/concurrent/futures/process.py", line 767, in shutdown
    self._executor_manager_thread.join()
  File "/home/john/mambaforge/envs/code_generation/lib/python3.9/threading.py", line 1060, in join
    self._wait_for_tstate_lock()
  File "/home/john/mambaforge/envs/code_generation/lib/python3.9/threading.py", line 1080, in _wait_for_tstate_lock
    if lock.acquire(block, timeout):
KeyboardInterrupt

================================================================================
PHASE 1: PLANNING (Attempt 1/2)
================================================================================

================================================================================
PHASE 2: INITIAL CODING
================================================================================

================================================================================
PHASE 3: ITERATION 1/3
================================================================================

================================================================================
PHASE 3: ITERATION 2/3
================================================================================

================================================================================
PHASE 3: ITERATION 3/3
================================================================================

================================================================================
PHASE 1: PLANNING (Attempt 1/2)
================================================================================

================================================================================
PHASE 2: INITIAL CODING
================================================================================

================================================================================
PHASE 3: ITERATION 1/3
================================================================================

================================================================================
PHASE 3: ITERATION 2/3
================================================================================

================================================================================
PHASE 3: ITERATION 3/3
================================================================================

================================================================================
PHASE 1: PLANNING (Attempt 1/2)
================================================================================

================================================================================
PHASE 2: INITIAL CODING
================================================================================

================================================================================
PHASE 3: ITERATION 1/3
================================================================================

================================================================================
PHASE 3: ITERATION 2/3
================================================================================

================================================================================
PHASE 3: ITERATION 3/3
================================================================================

================================================================================
PHASE 1: PLANNING (Attempt 1/2)
================================================================================

================================================================================
PHASE 2: INITIAL CODING
================================================================================

================================================================================
PHASE 3: ITERATION 1/3
================================================================================
Low confidence detected across agents. Restarting planning...

================================================================================
PHASE 1: PLANNING (Attempt 1/2)
================================================================================

================================================================================
PHASE 2: INITIAL CODING
================================================================================

================================================================================
PHASE 3: ITERATION 1/3
================================================================================

================================================================================
PHASE 3: ITERATION 2/3
================================================================================

================================================================================
PHASE 3: ITERATION 3/3
================================================================================

================================================================================
PHASE 1: PLANNING (Attempt 1/2)
================================================================================

================================================================================
PHASE 2: INITIAL CODING
================================================================================

================================================================================
PHASE 3: ITERATION 1/3
================================================================================
Tests passed! Exiting early.

================================================================================
PHASE 1: PLANNING (Attempt 1/2)
================================================================================

================================================================================
PHASE 2: INITIAL CODING
================================================================================

================================================================================
PHASE 3: ITERATION 1/3
================================================================================

================================================================================
PHASE 3: ITERATION 2/3
================================================================================
Tests passed! Exiting early.

================================================================================
PHASE 1: PLANNING (Attempt 1/2)
================================================================================

================================================================================
PHASE 2: INITIAL CODING
================================================================================

================================================================================
PHASE 3: ITERATION 1/3
================================================================================
Tests passed! Exiting early.

================================================================================
PHASE 1: PLANNING (Attempt 1/2)
================================================================================

================================================================================
PHASE 2: INITIAL CODING
================================================================================

================================================================================
PHASE 3: ITERATION 1/3
================================================================================

================================================================================
PHASE 3: ITERATION 2/3
================================================================================

================================================================================
PHASE 1: PLANNING (Attempt 1/2)
================================================================================

================================================================================
PHASE 1: PLANNING (Attempt 1/2)
================================================================================

================================================================================
PHASE 2: INITIAL CODING
================================================================================

================================================================================
PHASE 3: ITERATION 1/3
================================================================================

================================================================================
PHASE 3: ITERATION 2/3
================================================================================
